Arguments: 
  C:\Program Files\nodejs\node.exe C:\Users\KavecanskyJ\AppData\Roaming\npm\node_modules\yarn\bin\yarn.js add -D @types/node typescript

PATH: 
  C:\Users\KavecanskyJ\cmder\bin;C:\Users\KavecanskyJ\cmder\vendor\bin;C:\Program Files\AdoptOpenJDK\jdk-11.0.8.10-hotspot\bin;C:\Python27\;C:\Python27\Scripts;C:\ProgramData\Oracle\Java\javapath;C:\Windows\system32;C:\Windows;C:\Windows\System32\Wbem;C:\Windows\System32\WindowsPowerShell\v1.0\;C:\Windows\System32\OpenSSH\;c:\Program Files\SafeNet\Authentication\SAC\x64;c:\Program Files\SafeNet\Authentication\SAC\x32;C:\Program Files (x86)\Common Files\Aspect Shared\;c:\Program Files (x86)\Enterprise Vault\EVClient\;c:\Program Files (x86)\Enterprise Vault\EVClient\x64\;C:\Program Files\nodejs\;C:\ProgramData\chocolatey\bin;C:\Users\KavecanskyJ\AppData\Local\Programs\Git\cmd;C:\Program Files (x86)\GitExtensions\;C:\Program Files\Docker\Docker\resources\bin;C:\ProgramData\DockerDesktop\version-bin;C:\Users\KavecanskyJ\AppData\Local\Microsoft\WindowsApps;C:\Users\KavecanskyJ\AppData\Local\Programs\Microsoft VS Code\bin;C:\Users\KavecanskyJ\AppData\Local\Programs\Git\cmd;C:\Program Files\JetBrains\PhpStorm 2020.1\bin;C:\Users\KavecanskyJ\AppData\Roaming\npm;C:\xampp\php;C:\Users\KavecanskyJ\AppData\Local\ComposerSetup\bin;C:\Users\KavecanskyJ\AppData\Roaming\Composer\vendor\bin;C:\Users\KavecanskyJ\AppData\Local\Programs\Git\mingw64\bin;C:\Users\KavecanskyJ\AppData\Local\Programs\Git\usr\bin;C:\Users\KavecanskyJ\cmder

Yarn version: 
  1.22.4

Node version: 
  12.16.1

Platform: 
  win32 x64

Trace: 
  Error: https://registry.yarnpkg.com/@types%2fnode: tunneling socket could not be established, cause=getaddrinfo ENOTFOUND proxycz.oskarmobil.cz
      at ClientRequest.onError (C:\Users\KavecanskyJ\AppData\Roaming\npm\node_modules\yarn\lib\cli.js:152234:17)
      at Object.onceWrapper (events.js:418:26)
      at ClientRequest.emit (events.js:311:20)
      at Socket.socketErrorListener (_http_client.js:426:9)
      at Socket.emit (events.js:311:20)
      at emitErrorNT (internal/streams/destroy.js:92:8)
      at emitErrorAndCloseNT (internal/streams/destroy.js:60:3)
      at processTicksAndRejections (internal/process/task_queues.js:84:21)

npm manifest: 
  {
    "name": "lireddit-server",
    "version": "1.0.0",
    "description": "",
    "main": "index.js",
    "scripts": {
      "test": "echo \"Error: no test specified\" && exit 1"
    },
    "keywords": [],
    "author": "",
    "license": "ISC"
  }

yarn manifest: 
  No manifest

Lockfile: 
  No lockfile
